{
  "stats": {
    "suites": 0,
    "tests": 1,
    "passes": 0,
    "pending": 0,
    "failures": 1,
    "start": "2024-12-03T12:53:45.888Z",
    "end": "2024-12-03T12:53:46.156Z",
    "duration": 268,
    "testsRegistered": 1,
    "passPercent": 0,
    "pendingPercent": 0,
    "other": 0,
    "hasOther": false,
    "skipped": 0,
    "hasSkipped": false
  },
  "results": [
    {
      "uuid": "6d324e90-70d4-4eff-ae4e-84c40b91f960",
      "title": "",
      "fullFile": "cypress/e2e/accountCreation.feature",
      "file": "cypress/e2e/accountCreation.feature",
      "beforeHooks": [],
      "afterHooks": [],
      "tests": [
        {
          "title": "An uncaught error was detected outside of a test",
          "fullTitle": "An uncaught error was detected outside of a test",
          "timedOut": null,
          "duration": 228,
          "state": "failed",
          "speed": null,
          "pass": false,
          "fail": true,
          "pending": false,
          "context": null,
          "code": "throw err;",
          "err": {
            "message": "TypeError: The following error originated from your test code, not from Cypress.\n\n  > And is not a function\n\nWhen Cypress detects uncaught errors originating from your test code it will automatically fail the current test.\n\nCypress could not associate this error to any specific test.\n\nWe dynamically generated a new test to display this failure.",
            "estack": "TypeError: The following error originated from your test code, not from Cypress.\n\n  > And is not a function\n\nWhen Cypress detects uncaught errors originating from your test code it will automatically fail the current test.\n\nCypress could not associate this error to any specific test.\n\nWe dynamically generated a new test to display this failure.\n    at ./cypress/e2e/accountCreation.js (webpack://bdd-automation-framework/./cypress/e2e/accountCreation.js:21:0)\n    at __webpack_require__ (webpack://bdd-automation-framework/webpack/bootstrap:19:0)\n    at eval (webpack://bdd-automation-framework/./cypress/e2e/accountCreation.feature:5:4)\n    at eval (https://magento.softwaretestingboard.com/__cypress/tests?p=cypress/e2e/accountCreation.feature:25074:3)\n    at eval (https://magento.softwaretestingboard.com/__cypress/tests?p=cypress/e2e/accountCreation.feature:25076:12)\n    at eval (<anonymous>)",
            "diff": null
          },
          "uuid": "114b59c7-10ad-470a-bf5b-e1fd1d9d4fac",
          "parentUUID": "6d324e90-70d4-4eff-ae4e-84c40b91f960",
          "isHook": false,
          "skipped": false
        }
      ],
      "suites": [],
      "passes": [],
      "failures": [
        "114b59c7-10ad-470a-bf5b-e1fd1d9d4fac"
      ],
      "pending": [],
      "skipped": [],
      "duration": 228,
      "root": true,
      "rootEmpty": false,
      "_timeout": 2000
    }
  ],
  "meta": {
    "mocha": {
      "version": "7.0.1"
    },
    "mochawesome": {
      "options": {
        "quiet": false,
        "reportFilename": "mochawesome",
        "saveHtml": false,
        "saveJson": true,
        "consoleReporter": "spec",
        "useInlineDiffs": false,
        "code": true
      },
      "version": "7.1.3"
    },
    "marge": {
      "options": {
        "configFile": "reporter-config.json",
        "overwrite": false,
        "html": false,
        "json": true,
        "reportDir": "cypress/reports/html/.jsons"
      },
      "version": "6.2.0"
    }
  }
}